0 info it worked if it ends with ok
1 verbose cli [ '/usr/bin/nodejs',
1 verbose cli   '/usr/bin/npm',
1 verbose cli   'install',
1 verbose cli   'material-design-icons' ]
2 info using npm@1.3.10
3 info using node@v0.10.25
4 verbose cache add [ 'material-design-icons', null ]
5 verbose cache add name=undefined spec="material-design-icons" args=["material-design-icons",null]
6 verbose parsed url { protocol: null,
6 verbose parsed url   slashes: null,
6 verbose parsed url   auth: null,
6 verbose parsed url   host: null,
6 verbose parsed url   port: null,
6 verbose parsed url   hostname: null,
6 verbose parsed url   hash: null,
6 verbose parsed url   search: null,
6 verbose parsed url   query: null,
6 verbose parsed url   pathname: 'material-design-icons',
6 verbose parsed url   path: 'material-design-icons',
6 verbose parsed url   href: 'material-design-icons' }
7 silly lockFile df27cdfc-material-design-icons material-design-icons
8 verbose lock material-design-icons /home/brycecall/.npm/df27cdfc-material-design-icons.lock
9 silly lockFile df27cdfc-material-design-icons material-design-icons
10 silly lockFile df27cdfc-material-design-icons material-design-icons
11 verbose addNamed [ 'material-design-icons', '' ]
12 verbose addNamed [ null, '*' ]
13 silly lockFile 3be65f8c-material-design-icons material-design-icons@
14 verbose lock material-design-icons@ /home/brycecall/.npm/3be65f8c-material-design-icons.lock
15 silly addNameRange { name: 'material-design-icons', range: '*', hasData: false }
16 verbose url raw material-design-icons
17 verbose url resolving [ 'https://registry.npmjs.org/', './material-design-icons' ]
18 verbose url resolved https://registry.npmjs.org/material-design-icons
19 info trying registry request attempt 1 at 21:26:27
20 http GET https://registry.npmjs.org/material-design-icons
21 http 200 https://registry.npmjs.org/material-design-icons
22 silly registry.get cb [ 200,
22 silly registry.get   { server: 'CouchDB/1.5.0 (Erlang OTP/R16B03)',
22 silly registry.get     etag: '"DNPLARG0YVTVAHJWCUXDGW4VP"',
22 silly registry.get     'content-type': 'application/json',
22 silly registry.get     'cache-control': 'max-age=300',
22 silly registry.get     'content-length': '11822',
22 silly registry.get     'accept-ranges': 'bytes',
22 silly registry.get     date: 'Tue, 01 Mar 2016 04:26:27 GMT',
22 silly registry.get     via: '1.1 varnish',
22 silly registry.get     age: '107',
22 silly registry.get     connection: 'keep-alive',
22 silly registry.get     'x-served-by': 'cache-lax1435-LAX',
22 silly registry.get     'x-cache': 'HIT',
22 silly registry.get     'x-cache-hits': '1',
22 silly registry.get     'x-timer': 'S1456806387.784575,VS0,VE0',
22 silly registry.get     vary: 'Accept' } ]
23 silly addNameRange number 2 { name: 'material-design-icons', range: '*', hasData: true }
24 silly addNameRange versions [ 'material-design-icons',
24 silly addNameRange   [ '1.0.0', '1.0.1', '2.0.0', '2.1.0', '2.1.1', '2.1.3', '2.2.0' ] ]
25 verbose addNamed [ 'material-design-icons', '2.2.0' ]
26 verbose addNamed [ '2.2.0', '2.2.0' ]
27 silly lockFile c9556ab0-material-design-icons-2-2-0 material-design-icons@2.2.0
28 verbose lock material-design-icons@2.2.0 /home/brycecall/.npm/c9556ab0-material-design-icons-2-2-0.lock
29 silly lockFile 5947e21a--material-design-icons-2-2-0-tgz https://registry.npmjs.org/material-design-icons/-/material-design-icons-2.2.0.tgz
30 verbose lock https://registry.npmjs.org/material-design-icons/-/material-design-icons-2.2.0.tgz /home/brycecall/.npm/5947e21a--material-design-icons-2-2-0-tgz.lock
31 verbose addRemoteTarball [ 'https://registry.npmjs.org/material-design-icons/-/material-design-icons-2.2.0.tgz',
31 verbose addRemoteTarball   'f671bfddacf27773c5ec99bd3b6ee68db718a21b' ]
32 silly lockFile 5947e21a--material-design-icons-2-2-0-tgz https://registry.npmjs.org/material-design-icons/-/material-design-icons-2.2.0.tgz
33 silly lockFile 5947e21a--material-design-icons-2-2-0-tgz https://registry.npmjs.org/material-design-icons/-/material-design-icons-2.2.0.tgz
34 silly lockFile c9556ab0-material-design-icons-2-2-0 material-design-icons@2.2.0
35 silly lockFile c9556ab0-material-design-icons-2-2-0 material-design-icons@2.2.0
36 silly lockFile 3be65f8c-material-design-icons material-design-icons@
37 silly lockFile 3be65f8c-material-design-icons material-design-icons@
38 error Error: EACCES, mkdir '/home/brycecall/tmp/npm-18421-bPYBArQj'
38 error  { [Error: EACCES, mkdir '/home/brycecall/tmp/npm-18421-bPYBArQj']
38 error   errno: 3,
38 error   code: 'EACCES',
38 error   path: '/home/brycecall/tmp/npm-18421-bPYBArQj' }
39 error Please try running this command again as root/Administrator.
40 error System Linux 3.19.0-51-generic
41 error command "/usr/bin/nodejs" "/usr/bin/npm" "install" "material-design-icons"
42 error cwd /home/brycecall/Code/clutterless/www
43 error node -v v0.10.25
44 error npm -v 1.3.10
45 error path /home/brycecall/tmp/npm-18421-bPYBArQj
46 error code EACCES
47 error errno 3
48 error stack Error: EACCES, mkdir '/home/brycecall/tmp/npm-18421-bPYBArQj'
49 verbose exit [ 3, true ]
